<?xml version="1.0" encoding="UTF-8"?>
<!-- Generated by org.testng.reporters.JUnitReportReporter -->
<testsuite skipped="0" hostname="01-011648" name="MavenDemo.MavenTest" tests="1" failures="0" timestamp="26 Feb 2019 05:24:48 GMT" time="7.888" errors="0">
  <testcase name="TestMaven" time="7.888" classname="MavenDemo.MavenTest"/>
</testsuite> <!-- MavenDemo.MavenTest -->
