<?xml version="1.0" encoding="UTF-8"?>
<!-- Generated by org.testng.reporters.JUnitReportReporter -->
<testsuite skipped="0" hostname="01-011648" name="registrationTesting.Linkedin_Home_Page" tests="1" failures="0" timestamp="14 Feb 2019 09:11:20 GMT" time="74.957" errors="0">
  <testcase name="LinkedIn" time="74.957" classname="registrationTesting.Linkedin_Home_Page"/>
</testsuite> <!-- registrationTesting.Linkedin_Home_Page -->
